<?xml version="1.0" encoding="UTF-8"?>
<testng-results skipped="0" failed="0" total="3" passed="3">
  <reporter-output>
  </reporter-output>
  <suite name="Suite" duration-ms="11092" started-at="2015-09-16T17:47:46Z" finished-at="2015-09-16T17:47:57Z">
    <groups>
    </groups>
    <test name="ChromeTest" duration-ms="10687" started-at="2015-09-16T17:47:46Z" finished-at="2015-09-16T17:47:57Z">
      <class name="com.daz.crossbrowserTest.crossbrowserTest.VerifyTitle">
        <test-method status="PASS" signature="VerifyPageTitle(java.lang.String)[pri:0, instance:com.daz.crossbrowserTest.crossbrowserTest.VerifyTitle@2812cbfa]" name="VerifyPageTitle" duration-ms="10673" started-at="2015-09-16T23:17:46Z" finished-at="2015-09-16T23:17:57Z">
          <params>
            <param index="0">
              <value>
                <![CDATA[Chrome]]>
              </value>
            </param>
          </params>
          <reporter-output>
          </reporter-output>
        </test-method> <!-- VerifyPageTitle -->
      </class> <!-- com.daz.crossbrowserTest.crossbrowserTest.VerifyTitle -->
    </test> <!-- ChromeTest -->
    <test name="SafariTest" duration-ms="10820" started-at="2015-09-16T17:47:46Z" finished-at="2015-09-16T17:47:57Z">
      <class name="com.daz.crossbrowserTest.crossbrowserTest.VerifyTitle">
        <test-method status="PASS" signature="VerifyPageTitle(java.lang.String)[pri:0, instance:com.daz.crossbrowserTest.crossbrowserTest.VerifyTitle@3d24753a]" name="VerifyPageTitle" duration-ms="10809" started-at="2015-09-16T23:17:46Z" finished-at="2015-09-16T23:17:57Z">
          <params>
            <param index="0">
              <value>
                <![CDATA[Safari]]>
              </value>
            </param>
          </params>
          <reporter-output>
          </reporter-output>
        </test-method> <!-- VerifyPageTitle -->
      </class> <!-- com.daz.crossbrowserTest.crossbrowserTest.VerifyTitle -->
    </test> <!-- SafariTest -->
    <test name="FirefoxTest" duration-ms="11092" started-at="2015-09-16T17:47:46Z" finished-at="2015-09-16T17:47:57Z">
      <class name="com.daz.crossbrowserTest.crossbrowserTest.VerifyTitle">
        <test-method status="PASS" signature="VerifyPageTitle(java.lang.String)[pri:0, instance:com.daz.crossbrowserTest.crossbrowserTest.VerifyTitle@7dc36524]" name="VerifyPageTitle" duration-ms="11080" started-at="2015-09-16T23:17:46Z" finished-at="2015-09-16T23:17:57Z">
          <params>
            <param index="0">
              <value>
                <![CDATA[Firefox]]>
              </value>
            </param>
          </params>
          <reporter-output>
          </reporter-output>
        </test-method> <!-- VerifyPageTitle -->
      </class> <!-- com.daz.crossbrowserTest.crossbrowserTest.VerifyTitle -->
    </test> <!-- FirefoxTest -->
  </suite> <!-- Suite -->
</testng-results>
